18:54:16.482 [main                     ] DEBUG Logger               - Configured Logger
18:54:16.505 [main                     ] DEBUG GameApplication      - Logging settings
Title: CyberPunk2050
Version: 2.1
Width: 1600
Height: 900
Fullscreen: false
Intro: false
Profiling: false
Single step:false
App Mode: DEVELOPER
Menu Key: ESCAPE
Stage Style: DECORATED
Scene Factory: class com.almasb.fxgl.app.scene.SceneFactory

18:54:16.724 [JavaFX Application Thread] DEBUG FXGLApplication      - Initializing FXGL
18:54:16.727 [JavaFX Application Thread] INFO  Engine               - FXGL-17.1 (24.03.2022 17.34) on WINDOWS (J:17.0.7 FX:18)
18:54:16.728 [JavaFX Application Thread] DEBUG Engine               - JRE Vendor Name: Oracle Corporation
18:54:16.728 [JavaFX Application Thread] DEBUG Engine               - Running on OS: Windows 11 version 10.0
18:54:16.728 [JavaFX Application Thread] DEBUG Engine               - Architecture: amd64
18:54:16.728 [JavaFX Application Thread] INFO  Engine               - Source code and latest versions at: https://github.com/AlmasB/FXGL
18:54:16.728 [JavaFX Application Thread] INFO  Engine               -       Ask questions and discuss at: https://github.com/AlmasB/FXGL/discussions
18:54:16.728 [JavaFX Application Thread] INFO  Engine               -              Join the FXGL chat at: https://gitter.im/AlmasB/FXGL
18:54:16.782 [JavaFX Application Thread] DEBUG PrimaryStageWindow   - Creating a JavaFX scene
18:54:16.782 [JavaFX Application Thread] DEBUG PrimaryStageWindow   - Target size > screen size
18:54:16.810 [JavaFX Application Thread] DEBUG PrimaryStageWindow   - Target settings size: 1600.0 x 900.0
18:54:16.811 [JavaFX Application Thread] DEBUG PrimaryStageWindow   - Scaled scene size:    1425.0 x 815.0
18:54:16.811 [JavaFX Application Thread] DEBUG PrimaryStageWindow   - Scaled ratio: (0.890625, 0.9055555555555556)
18:54:16.812 [JavaFX Application Thread] DEBUG PrimaryStageWindow   - Set initial scene to FXGLStartupScene
18:54:16.816 [JavaFX Application Thread] DEBUG PrimaryStageWindow   - Opening main window
18:54:16.874 [JavaFX Application Thread] DEBUG PrimaryStageWindow   - Window border size: (15.0, 37.79998779296875)
18:54:16.875 [JavaFX Application Thread] DEBUG PrimaryStageWindow   - Scaled size: 1425.0 x 815.0
18:54:16.875 [JavaFX Application Thread] DEBUG PrimaryStageWindow   - Scaled ratio: (0.890625, 0.9055555555555556)
18:54:16.875 [JavaFX Application Thread] DEBUG PrimaryStageWindow   - Scene size: 1425.0 x 815.0
18:54:16.876 [JavaFX Application Thread] DEBUG PrimaryStageWindow   - Stage size: 1440.0 x 852.7999877929688
18:54:16.883 [FXGL Background Thread 1 ] DEBUG Engine               - Initializing environment variables
18:54:16.911 [FXGL Background Thread 1 ] DEBUG FXGLAssetLoaderServi - User app class for loading assets: class com.rucjava.cyberpunk.CyberpunkApp
18:54:16.912 [FXGL Background Thread 1 ] DEBUG GameApplicationServi - Applying CSS: fxgl_dark.css
18:54:16.912 [FXGL Background Thread 1 ] DEBUG FXGLAssetLoaderServi - Loading from file system: jar:file:///C:/Users/离心/.gradle/caches/modules-2/files-2.1/com.github.almasb/fxgl/17.1/2a9509aedf54954c9b13849c18c6f495a81c542d/fxgl-17.1.jar!/fxglassets/ui/css/fxgl_dark.css
18:54:16.959 [FXGL Background Thread 1 ] DEBUG GameApplicationServi - Initializing application scenes
18:54:17.013 [FXGL Background Thread 1 ] DEBUG GameWorld            - Game world initialized
18:54:17.048 [FXGL Background Thread 1 ] DEBUG PhysicsWorld         - Physics world initialized: appHeight=900, physics.ppm=50.0
18:54:17.048 [FXGL Background Thread 1 ] DEBUG PhysicsWorld         - Using strategy: BRUTE_FORCE
18:54:17.051 [FXGL Background Thread 1 ] DEBUG GameScene            - Game scene initialized: 1600x900
18:54:17.060 [FXGL Background Thread 1 ] DEBUG FXGL.DefaultMenu     - createMenuBodyGameMenu()
18:54:17.071 [FXGL Background Thread 1 ] DEBUG FXGL.DefaultMenu     - createOptionsMenu()
18:54:17.080 [FXGL Background Thread 1 ] DEBUG FXGLAssetLoaderServi - Loading from file system: jar:file:///C:/Users/离心/.gradle/caches/modules-2/files-2.1/com.github.almasb/fxgl/17.1/2a9509aedf54954c9b13849c18c6f495a81c542d/fxgl-17.1.jar!/fxglassets/textures/particles/smoke.png
18:54:17.152 [FXGL Background Thread 1 ] DEBUG FXGLAssetLoaderServi - Loading from file system: jar:file:///C:/Users/离心/.gradle/caches/modules-2/files-2.1/com.github.almasb/fxgl/17.1/2a9509aedf54954c9b13849c18c6f495a81c542d/fxgl-17.1.jar!/fxglassets/textures/particles/trace_horizontal.png
18:54:17.177 [FXGL Background Thread 1 ] DEBUG GameApplicationServi - Application scenes initialized
18:54:17.186 [FXGL Background Thread 1 ] DEBUG SystemBundleService  - Loading FXGL system data
18:54:17.189 [FXGL Background Thread 1 ] DEBUG FileSystemAccess     - Reading from: I:\GitHub\Java-Final-Assignment\system\fxgl.bundle
18:54:17.194 [FXGL Background Thread 1 ] DEBUG SystemBundleService  - Bundle FXGL: {}
18:54:17.194 [FXGL Background Thread 1 ] DEBUG UpdaterService       - Checking for updates
18:54:17.196 [FXGL Background Thread 4 ] DEBUG FXGLApplication      - Loading fonts
18:54:17.197 [FXGL Background Thread 4 ] DEBUG FXGLAssetLoaderServi - Loading from file system: jar:file:///C:/Users/离心/.gradle/caches/modules-2/files-2.1/com.github.almasb/fxgl/17.1/2a9509aedf54954c9b13849c18c6f495a81c542d/fxgl-17.1.jar!/fxglassets/ui/fonts/VarelaRound-Regular.ttf
18:54:17.197 [FXGL Background Thread 1 ] DEBUG FXGLApplication      - Loading default localization
18:54:17.198 [FXGL Background Thread 1 ] DEBUG FXGLAssetLoaderServi - Loading from file system: jar:file:///C:/Users/离心/.gradle/caches/modules-2/files-2.1/com.github.almasb/fxgl/17.1/2a9509aedf54954c9b13849c18c6f495a81c542d/fxgl-17.1.jar!/fxglassets/languages/english.lang
18:54:17.228 [FXGL Background Thread 1 ] INFO  FXGLApplication      - FXGL initialization took: 0.345 sec
18:54:17.229 [JavaFX Application Thread] DEBUG FXGLAssetLoaderServi - Loading from file system: jar:file:///C:/Users/离心/.gradle/caches/modules-2/files-2.1/com.github.almasb/fxgl/17.1/2a9509aedf54954c9b13849c18c6f495a81c542d/fxgl-17.1.jar!/fxglassets/textures/fxgl_icon.png
18:54:17.249 [JavaFX Application Thread] DEBUG FXGLAssetLoaderServi - Loading from file system: jar:file:///C:/Users/离心/.gradle/caches/modules-2/files-2.1/com.github.almasb/fxgl/17.1/2a9509aedf54954c9b13849c18c6f495a81c542d/fxgl-17.1.jar!/fxglassets/textures/fxgl_default_cursor.png
18:54:17.271 [FXGL Background Thread 4 ] DEBUG FXGLAssetLoaderServi - Loading from file system: jar:file:///C:/Users/离心/.gradle/caches/modules-2/files-2.1/com.github.almasb/fxgl/17.1/2a9509aedf54954c9b13849c18c6f495a81c542d/fxgl-17.1.jar!/fxglassets/ui/fonts/Abel-Regular.ttf
18:54:17.273 [FXGL Background Thread 4 ] DEBUG FXGLAssetLoaderServi - Loading from file system: jar:file:///C:/Users/离心/.gradle/caches/modules-2/files-2.1/com.github.almasb/fxgl/17.1/2a9509aedf54954c9b13849c18c6f495a81c542d/fxgl-17.1.jar!/fxglassets/ui/fonts/TerminalLandMono-Regular.otf
18:54:17.275 [FXGL Background Thread 4 ] DEBUG FXGLAssetLoaderServi - Loading from file system: jar:file:///C:/Users/离心/.gradle/caches/modules-2/files-2.1/com.github.almasb/fxgl/17.1/2a9509aedf54954c9b13849c18c6f495a81c542d/fxgl-17.1.jar!/fxglassets/ui/fonts/Courier-Prime.ttf
18:54:17.278 [JavaFX Application Thread] DEBUG Input                - Registered new binding: Screenshot - CTRL+8
18:54:17.279 [JavaFX Application Thread] DEBUG Input                - Registered new binding: System info dump - CTRL+9
18:54:17.280 [JavaFX Application Thread] DEBUG Input                - Registered new binding: Restart - CTRL+R
18:54:17.282 [JavaFX Application Thread] DEBUG Input                - Registered new binding: Toggle Debug Camera - CTRL+7
18:54:17.286 [JavaFX Application Thread] DEBUG LoopRunner           - Starting loop
18:54:17.287 [JavaFX Application Thread] DEBUG LoopRunner           - Initializing JavaFX AnimationTimerLoop
18:54:17.289 [JavaFX Application Thread] DEBUG GameApplicationServi - Starting new game
18:54:17.290 [JavaFX Application Thread] DEBUG Input                - Clearing active input actions
18:54:17.300 [JavaFX Application Thread] DEBUG GameApplicationServi - Removing overlay from FXGLStartupScene and adding to FXGLLoadingScene
18:54:17.301 [JavaFX Application Thread] DEBUG PrimaryStageWindow   - FXGLStartupScene -> FXGLLoadingScene
18:54:17.301 [JavaFX Application Thread] DEBUG GameApplicationServi - Clearing previous game
18:54:17.301 [JavaFX Application Thread] DEBUG GameScene            - Clearing game scene
18:54:17.301 [JavaFX Application Thread] DEBUG GameWorld            - Clearing game world
18:54:17.301 [JavaFX Application Thread] DEBUG PhysicsWorld         - Clearing physics world
18:54:17.304 [FXGL Background Thread 4 ] DEBUG FXGLApplication      - Initializing game
18:54:17.304 [JavaFX Application Thread] DEBUG FXGLApplication      - Registering font factories with UI factory
18:54:17.312 [FXGL Background Thread 4 ] DEBUG FXGLAssetLoaderServi - Loading from file system: jar:file:///I:/GitHub/Java-Final-Assignment/Cyberpunk-Project/build/libs/Cyberpunk-Project.jar!/assets/textures/bucket.png
18:54:17.350 [FXGL Background Thread 4 ] DEBUG FXGLAssetLoaderServi - Loading from file system: jar:file:///I:/GitHub/Java-Final-Assignment/Cyberpunk-Project/build/libs/Cyberpunk-Project.jar!/assets/music/bgm.mp3
18:54:17.529 [FXGL Background Thread 4 ] DEBUG AudioPlayer          - Playing music com.almasb.fxgl.audio.Music@6639e86
18:54:17.530 [FXGL Background Thread 4 ] INFO  FXGLApplication      - Game initialization took: 0.226 sec
18:54:17.531 [JavaFX Application Thread] DEBUG Input                - Clearing active input actions
18:54:17.537 [JavaFX Application Thread] DEBUG GameApplicationServi - Removing overlay from FXGLLoadingScene and adding to GameScene
18:54:17.538 [JavaFX Application Thread] DEBUG PrimaryStageWindow   - FXGLLoadingScene -> GameScene
18:54:18.318 [JavaFX Application Thread] DEBUG FXGLAssetLoaderServi - Loading from file system: jar:file:///I:/GitHub/Java-Final-Assignment/Cyberpunk-Project/build/libs/Cyberpunk-Project.jar!/assets/textures/droplet.png
18:54:20.197 [FXGL Background Thread 3 ] DEBUG Engine               - Logging environment variables
18:54:20.197 [FXGL Background Thread 3 ] DEBUG Engine               - achievements: []
18:54:20.197 [FXGL Background Thread 3 ] DEBUG Engine               - actualHeight: 815.0
18:54:20.198 [FXGL Background Thread 3 ] DEBUG Engine               - actualHeightProperty: ReadOnlyDoubleProperty [value: 815.0]
18:54:20.198 [FXGL Background Thread 3 ] DEBUG Engine               - actualWidth: 1425.0
18:54:20.198 [FXGL Background Thread 3 ] DEBUG Engine               - actualWidthProperty: ReadOnlyDoubleProperty [value: 1425.0]
18:54:20.198 [FXGL Background Thread 3 ] DEBUG Engine               - appIcon: fxgl_icon.png
18:54:20.198 [FXGL Background Thread 3 ] DEBUG Engine               - applicationMode: DEVELOPER
18:54:20.198 [FXGL Background Thread 3 ] DEBUG Engine               - cSSList: [fxgl_dark.css]
18:54:20.198 [FXGL Background Thread 3 ] DEBUG Engine               - collisionDetectionStrategy: BRUTE_FORCE
18:54:20.198 [FXGL Background Thread 3 ] DEBUG Engine               - configClass: Optional.empty
18:54:20.198 [FXGL Background Thread 3 ] DEBUG Engine               - credits: []
18:54:20.199 [FXGL Background Thread 3 ] DEBUG Engine               - defaultCursor: CursorInfo(imageName=fxgl_default_cursor.png, hotspotX=7.0, hotspotY=6.0)
18:54:20.200 [FXGL Background Thread 3 ] DEBUG Engine               - devBBoxColorProperty: ObjectProperty [value: 0xff0000ff]
18:54:20.200 [FXGL Background Thread 3 ] DEBUG Engine               - devEnableDebugCameraProperty: BooleanProperty [value: false]
18:54:20.200 [FXGL Background Thread 3 ] DEBUG Engine               - devSensorColorProperty: ObjectProperty [value: 0xffff00ff]
18:54:20.200 [FXGL Background Thread 3 ] DEBUG Engine               - devShowBBoxProperty: BooleanProperty [value: false]
18:54:20.200 [FXGL Background Thread 3 ] DEBUG Engine               - devShowPositionProperty: BooleanProperty [value: false]
18:54:20.200 [FXGL Background Thread 3 ] DEBUG Engine               - enabledMenuItems: []
18:54:20.200 [FXGL Background Thread 3 ] DEBUG Engine               - engineServices: [class com.almasb.fxgl.app.services.FXGLAssetLoaderService, class com.almasb.fxgl.app.FXGLApplication$GameApplicationService, class com.almasb.fxgl.app.services.FXGLDialogService, class com.almasb.fxgl.app.services.IOTaskExecutorService, class com.almasb.fxgl.io.FileSystemService, class com.almasb.fxgl.localization.LocalizationService, class com.almasb.fxgl.app.services.SystemBundleService, class com.almasb.fxgl.profile.SaveLoadService, class com.almasb.fxgl.ui.FXGLUIFactoryServiceProvider, class com.almasb.fxgl.ui.FXGLDialogFactoryServiceProvider, class com.almasb.fxgl.audio.AudioPlayer, class com.almasb.fxgl.notification.impl.NotificationServiceProvider, class com.almasb.fxgl.achievement.AchievementService, class com.almasb.fxgl.cutscene.CutsceneService, class com.almasb.fxgl.minigames.MiniGameService, class com.almasb.fxgl.net.NetService, class com.almasb.fxgl.app.services.UpdaterService, class com.almasb.fxgl.dev.DevService]
18:54:20.200 [FXGL Background Thread 3 ] DEBUG Engine               - fontGame: Abel-Regular.ttf
18:54:20.200 [FXGL Background Thread 3 ] DEBUG Engine               - fontMono: TerminalLandMono-Regular.otf
18:54:20.200 [FXGL Background Thread 3 ] DEBUG Engine               - fontText: Courier-Prime.ttf
18:54:20.200 [FXGL Background Thread 3 ] DEBUG Engine               - fontUI: VarelaRound-Regular.ttf
18:54:20.200 [FXGL Background Thread 3 ] DEBUG Engine               - fullScreen: BooleanProperty [value: false]
18:54:20.200 [FXGL Background Thread 3 ] DEBUG Engine               - gameDifficulty: MEDIUM
18:54:20.200 [FXGL Background Thread 3 ] DEBUG Engine               - gameDifficultyProperty: ObjectProperty [value: MEDIUM]
18:54:20.200 [FXGL Background Thread 3 ] DEBUG Engine               - globalMusicVolume: 0.5
18:54:20.200 [FXGL Background Thread 3 ] DEBUG Engine               - globalMusicVolumeProperty: DoubleProperty [value: 0.5]
18:54:20.200 [FXGL Background Thread 3 ] DEBUG Engine               - globalSoundVolume: 0.5
18:54:20.201 [FXGL Background Thread 3 ] DEBUG Engine               - globalSoundVolumeProperty: DoubleProperty [value: 0.5]
18:54:20.201 [FXGL Background Thread 3 ] DEBUG Engine               - height: 900
18:54:20.201 [FXGL Background Thread 3 ] DEBUG Engine               - is3D: false
18:54:20.201 [FXGL Background Thread 3 ] DEBUG Engine               - isAndroid: false
18:54:20.201 [FXGL Background Thread 3 ] DEBUG Engine               - isBrowser: false
18:54:20.201 [FXGL Background Thread 3 ] DEBUG Engine               - isClickFeedbackEnabled: false
18:54:20.201 [FXGL Background Thread 3 ] DEBUG Engine               - isCloseConfirmation: false
18:54:20.201 [FXGL Background Thread 3 ] DEBUG Engine               - isDesktop: true
18:54:20.201 [FXGL Background Thread 3 ] DEBUG Engine               - isDeveloperMenuEnabled: false
18:54:20.201 [FXGL Background Thread 3 ] DEBUG Engine               - isEmbedded: false
18:54:20.201 [FXGL Background Thread 3 ] DEBUG Engine               - isEntityPreloadEnabled: true
18:54:20.201 [FXGL Background Thread 3 ] DEBUG Engine               - isExperimentalTiledLargeMap: false
18:54:20.201 [FXGL Background Thread 3 ] DEBUG Engine               - isFileSystemWriteAllowed: true
18:54:20.201 [FXGL Background Thread 3 ] DEBUG Engine               - isFullScreenAllowed: false
18:54:20.201 [FXGL Background Thread 3 ] DEBUG Engine               - isFullScreenFromStart: false
18:54:20.201 [FXGL Background Thread 3 ] DEBUG Engine               - isGameMenuEnabled: true
18:54:20.201 [FXGL Background Thread 3 ] DEBUG Engine               - isIOS: false
18:54:20.201 [FXGL Background Thread 3 ] DEBUG Engine               - isIntroEnabled: false
18:54:20.201 [FXGL Background Thread 3 ] DEBUG Engine               - isLinux: false
18:54:20.201 [FXGL Background Thread 3 ] DEBUG Engine               - isMac: false
18:54:20.201 [FXGL Background Thread 3 ] DEBUG Engine               - isMainMenuEnabled: false
18:54:20.201 [FXGL Background Thread 3 ] DEBUG Engine               - isManualResizeEnabled: false
18:54:20.201 [FXGL Background Thread 3 ] DEBUG Engine               - isMobile: false
18:54:20.201 [FXGL Background Thread 3 ] DEBUG Engine               - isNative: false
18:54:20.201 [FXGL Background Thread 3 ] DEBUG Engine               - isPauseMusicWhenMinimized: true
18:54:20.201 [FXGL Background Thread 3 ] DEBUG Engine               - isPreserveResizeRatio: false
18:54:20.202 [FXGL Background Thread 3 ] DEBUG Engine               - isProfilingEnabled: false
18:54:20.202 [FXGL Background Thread 3 ] DEBUG Engine               - isScaleAffectedOnResize: true
18:54:20.202 [FXGL Background Thread 3 ] DEBUG Engine               - isSingleStep: false
18:54:20.202 [FXGL Background Thread 3 ] DEBUG Engine               - isUserProfileEnabled: false
18:54:20.202 [FXGL Background Thread 3 ] DEBUG Engine               - isWindows: true
18:54:20.202 [FXGL Background Thread 3 ] DEBUG Engine               - language: ObjectProperty [value: ENGLISH]
18:54:20.202 [FXGL Background Thread 3 ] DEBUG Engine               - menuKey: ESCAPE
18:54:20.202 [FXGL Background Thread 3 ] DEBUG Engine               - mouseSensitivity: 0.2
18:54:20.202 [FXGL Background Thread 3 ] DEBUG Engine               - notificationViewClass: class com.almasb.fxgl.notification.view.XboxNotificationView
18:54:20.202 [FXGL Background Thread 3 ] DEBUG Engine               - pixelsPerMeter: 50.0
18:54:20.202 [FXGL Background Thread 3 ] DEBUG Engine               - platform: WINDOWS
18:54:20.202 [FXGL Background Thread 3 ] DEBUG Engine               - prefHeightProperty: ReadOnlyDoubleProperty [value: 900.0]
18:54:20.202 [FXGL Background Thread 3 ] DEBUG Engine               - prefWidthProperty: ReadOnlyDoubleProperty [value: 1600.0]
18:54:20.202 [FXGL Background Thread 3 ] DEBUG Engine               - profileDir: profiles/
18:54:20.202 [FXGL Background Thread 3 ] DEBUG Engine               - profileName: StringProperty [value: DEFAULT]
18:54:20.202 [FXGL Background Thread 3 ] DEBUG Engine               - randomSeed: -1
18:54:20.202 [FXGL Background Thread 3 ] DEBUG Engine               - runtimeInfo: RuntimeInfo(platform=WINDOWS, version=17.1, build=24.03.2022 17.34)
18:54:20.202 [FXGL Background Thread 3 ] DEBUG Engine               - saveFileExt: sav
18:54:20.202 [FXGL Background Thread 3 ] DEBUG Engine               - scaledHeightProp$fxgl: DoubleProperty [bound, value: 815.0]
18:54:20.203 [FXGL Background Thread 3 ] DEBUG Engine               - scaledWidthProp$fxgl: DoubleProperty [bound, value: 1425.0]
18:54:20.203 [FXGL Background Thread 3 ] DEBUG Engine               - sceneFactory: com.almasb.fxgl.app.scene.SceneFactory@5e57358f
18:54:20.203 [FXGL Background Thread 3 ] DEBUG Engine               - secondsIn24h: 60
18:54:20.203 [FXGL Background Thread 3 ] DEBUG Engine               - soundMenuBack: menu/back.wav
18:54:20.203 [FXGL Background Thread 3 ] DEBUG Engine               - soundMenuPress: menu/press.wav
18:54:20.203 [FXGL Background Thread 3 ] DEBUG Engine               - soundMenuSelect: menu/select.wav
18:54:20.203 [FXGL Background Thread 3 ] DEBUG Engine               - soundNotification: core/notification.wav
18:54:20.203 [FXGL Background Thread 3 ] DEBUG Engine               - stageStyle: DECORATED
18:54:20.203 [FXGL Background Thread 3 ] DEBUG Engine               - supportedLanguages: [ENGLISH, FRENCH, GERMAN, HUNGARIAN, RUSSIAN]
18:54:20.203 [FXGL Background Thread 3 ] DEBUG Engine               - ticksPerSecond: -1
18:54:20.203 [FXGL Background Thread 3 ] DEBUG Engine               - title: CyberPunk2050
18:54:20.203 [FXGL Background Thread 3 ] DEBUG Engine               - urlGithub: https://github.com/AlmasB/FXGL
18:54:20.203 [FXGL Background Thread 3 ] DEBUG Engine               - urlLeaderboard: http://fxgl-top.herokuapp.com/
18:54:20.203 [FXGL Background Thread 3 ] DEBUG Engine               - urlPOM: https://raw.githubusercontent.com/AlmasB/FXGL/release/README.md
18:54:20.203 [FXGL Background Thread 3 ] DEBUG Engine               - userAppClass: class com.rucjava.cyberpunk.CyberpunkApp
18:54:20.203 [FXGL Background Thread 3 ] DEBUG Engine               - version: 2.1
18:54:20.203 [FXGL Background Thread 3 ] DEBUG Engine               - versionCheckDays: 7
18:54:20.203 [FXGL Background Thread 3 ] DEBUG Engine               - width: 1600
18:54:20.203 [FXGL Background Thread 3 ] DEBUG Engine               - Logging services
18:54:20.203 [FXGL Background Thread 3 ] DEBUG Engine               - class com.almasb.fxgl.app.services.FXGLAssetLoaderService
18:54:20.203 [FXGL Background Thread 3 ] DEBUG Engine               - class com.almasb.fxgl.app.FXGLApplication$GameApplicationService
18:54:20.203 [FXGL Background Thread 3 ] DEBUG Engine               - class com.almasb.fxgl.app.services.FXGLDialogService
18:54:20.203 [FXGL Background Thread 3 ] DEBUG Engine               - class com.almasb.fxgl.app.services.IOTaskExecutorService
18:54:20.203 [FXGL Background Thread 3 ] DEBUG Engine               - class com.almasb.fxgl.io.FileSystemService
18:54:20.203 [FXGL Background Thread 3 ] DEBUG Engine               - class com.almasb.fxgl.localization.LocalizationService
18:54:20.203 [FXGL Background Thread 3 ] DEBUG Engine               - class com.almasb.fxgl.app.services.SystemBundleService
18:54:20.203 [FXGL Background Thread 3 ] DEBUG Engine               - class com.almasb.fxgl.profile.SaveLoadService
18:54:20.203 [FXGL Background Thread 3 ] DEBUG Engine               - class com.almasb.fxgl.ui.FXGLUIFactoryServiceProvider
18:54:20.203 [FXGL Background Thread 3 ] DEBUG Engine               - class com.almasb.fxgl.ui.FXGLDialogFactoryServiceProvider
18:54:20.203 [FXGL Background Thread 3 ] DEBUG Engine               - class com.almasb.fxgl.audio.AudioPlayer
18:54:20.203 [FXGL Background Thread 3 ] DEBUG Engine               - class com.almasb.fxgl.notification.impl.NotificationServiceProvider
18:54:20.203 [FXGL Background Thread 3 ] DEBUG Engine               - class com.almasb.fxgl.achievement.AchievementService
18:54:20.203 [FXGL Background Thread 3 ] DEBUG Engine               - class com.almasb.fxgl.cutscene.CutsceneService
18:54:20.203 [FXGL Background Thread 3 ] DEBUG Engine               - class com.almasb.fxgl.minigames.MiniGameService
18:54:20.203 [FXGL Background Thread 3 ] DEBUG Engine               - class com.almasb.fxgl.net.NetService
18:54:20.203 [FXGL Background Thread 3 ] DEBUG Engine               - class com.almasb.fxgl.app.services.UpdaterService
18:54:20.203 [FXGL Background Thread 3 ] DEBUG Engine               - class com.almasb.fxgl.dev.DevService
18:54:20.855 [JavaFX Application Thread] DEBUG FXGLAssetLoaderServi - Loading from file system: jar:file:///I:/GitHub/Java-Final-Assignment/Cyberpunk-Project/build/libs/Cyberpunk-Project.jar!/assets/sounds/drop.wav
18:54:23.462 [JavaFX Application Thread] DEBUG FXGLApplication      - Exiting FXGL
18:54:23.462 [JavaFX Application Thread] DEBUG LoopRunner           - Stopping loop
18:54:23.462 [JavaFX Application Thread] DEBUG SystemBundleService  - Saving FXGL system data
18:54:23.464 [JavaFX Application Thread] DEBUG FileSystemAccess     - Writing to: I:\GitHub\Java-Final-Assignment\system\fxgl.bundle
18:54:23.465 [JavaFX Application Thread] DEBUG Async                - Shutting down background threads
18:54:23.465 [JavaFX Application Thread] DEBUG PrimaryStageWindow   - Closing main window
18:54:23.478 [JavaFX Application Thread] DEBUG Logger               - Closing Logger
