18:49:57.653 [main                     ] DEBUG Logger               - Configured Logger
18:49:57.677 [main                     ] DEBUG GameApplication      - Logging settings
Title: CyberPunk2050
Version: 2.1
Width: 900
Height: 1600
Fullscreen: false
Intro: false
Profiling: false
Single step:false
App Mode: DEVELOPER
Menu Key: ESCAPE
Stage Style: DECORATED
Scene Factory: class com.almasb.fxgl.app.scene.SceneFactory

18:49:57.883 [JavaFX Application Thread] DEBUG FXGLApplication      - Initializing FXGL
18:49:57.888 [JavaFX Application Thread] INFO  Engine               - FXGL-17.1 (24.03.2022 17.34) on WINDOWS (J:17.0.7 FX:18)
18:49:57.888 [JavaFX Application Thread] DEBUG Engine               - JRE Vendor Name: Oracle Corporation
18:49:57.888 [JavaFX Application Thread] DEBUG Engine               - Running on OS: Windows 11 version 10.0
18:49:57.888 [JavaFX Application Thread] DEBUG Engine               - Architecture: amd64
18:49:57.889 [JavaFX Application Thread] INFO  Engine               - Source code and latest versions at: https://github.com/AlmasB/FXGL
18:49:57.889 [JavaFX Application Thread] INFO  Engine               -       Ask questions and discuss at: https://github.com/AlmasB/FXGL/discussions
18:49:57.889 [JavaFX Application Thread] INFO  Engine               -              Join the FXGL chat at: https://gitter.im/AlmasB/FXGL
18:49:57.943 [JavaFX Application Thread] DEBUG PrimaryStageWindow   - Creating a JavaFX scene
18:49:57.943 [JavaFX Application Thread] DEBUG PrimaryStageWindow   - Target size > screen size
18:49:57.972 [JavaFX Application Thread] DEBUG PrimaryStageWindow   - Target settings size: 900.0 x 1600.0
18:49:57.973 [JavaFX Application Thread] DEBUG PrimaryStageWindow   - Scaled scene size:    434.0 x 816.0
18:49:57.973 [JavaFX Application Thread] DEBUG PrimaryStageWindow   - Scaled ratio: (0.4822222222222222, 0.51)
18:49:57.973 [JavaFX Application Thread] DEBUG PrimaryStageWindow   - Set initial scene to FXGLStartupScene
18:49:57.977 [JavaFX Application Thread] DEBUG PrimaryStageWindow   - Opening main window
18:49:58.036 [JavaFX Application Thread] DEBUG PrimaryStageWindow   - Window border size: (14.79998779296875, 37.5999755859375)
18:49:58.036 [JavaFX Application Thread] DEBUG PrimaryStageWindow   - Scaled size: 434.0 x 816.0
18:49:58.036 [JavaFX Application Thread] DEBUG PrimaryStageWindow   - Scaled ratio: (0.4822222222222222, 0.51)
18:49:58.037 [JavaFX Application Thread] DEBUG PrimaryStageWindow   - Scene size: 434.0 x 816.0
18:49:58.037 [JavaFX Application Thread] DEBUG PrimaryStageWindow   - Stage size: 448.79998779296875 x 853.5999755859375
18:49:58.042 [FXGL Background Thread 1 ] DEBUG Engine               - Initializing environment variables
18:49:58.067 [FXGL Background Thread 1 ] DEBUG FXGLAssetLoaderServi - User app class for loading assets: class com.rucjava.cyberpunk.CyberpunkApp
18:49:58.067 [FXGL Background Thread 1 ] DEBUG GameApplicationServi - Applying CSS: fxgl_dark.css
18:49:58.068 [FXGL Background Thread 1 ] DEBUG FXGLAssetLoaderServi - Loading from file system: jar:file:///C:/Users/离心/.gradle/caches/modules-2/files-2.1/com.github.almasb/fxgl/17.1/2a9509aedf54954c9b13849c18c6f495a81c542d/fxgl-17.1.jar!/fxglassets/ui/css/fxgl_dark.css
18:49:58.115 [FXGL Background Thread 1 ] DEBUG GameApplicationServi - Initializing application scenes
18:49:58.181 [FXGL Background Thread 1 ] DEBUG GameWorld            - Game world initialized
18:49:58.221 [FXGL Background Thread 1 ] DEBUG PhysicsWorld         - Physics world initialized: appHeight=1600, physics.ppm=50.0
18:49:58.222 [FXGL Background Thread 1 ] DEBUG PhysicsWorld         - Using strategy: BRUTE_FORCE
18:49:58.225 [FXGL Background Thread 1 ] DEBUG GameScene            - Game scene initialized: 900x1600
18:49:58.235 [FXGL Background Thread 1 ] DEBUG FXGL.DefaultMenu     - createMenuBodyGameMenu()
18:49:58.245 [FXGL Background Thread 1 ] DEBUG FXGL.DefaultMenu     - createOptionsMenu()
18:49:58.253 [FXGL Background Thread 1 ] DEBUG FXGLAssetLoaderServi - Loading from file system: jar:file:///C:/Users/离心/.gradle/caches/modules-2/files-2.1/com.github.almasb/fxgl/17.1/2a9509aedf54954c9b13849c18c6f495a81c542d/fxgl-17.1.jar!/fxglassets/textures/particles/smoke.png
18:49:58.335 [FXGL Background Thread 1 ] DEBUG FXGLAssetLoaderServi - Loading from file system: jar:file:///C:/Users/离心/.gradle/caches/modules-2/files-2.1/com.github.almasb/fxgl/17.1/2a9509aedf54954c9b13849c18c6f495a81c542d/fxgl-17.1.jar!/fxglassets/textures/particles/trace_horizontal.png
18:49:58.359 [FXGL Background Thread 1 ] DEBUG GameApplicationServi - Application scenes initialized
18:49:58.368 [FXGL Background Thread 1 ] DEBUG SystemBundleService  - Loading FXGL system data
18:49:58.371 [FXGL Background Thread 1 ] DEBUG FileSystemAccess     - Reading from: I:\GitHub\Java-Final-Assignment\system\fxgl.bundle
18:49:58.376 [FXGL Background Thread 1 ] DEBUG SystemBundleService  - Bundle FXGL: {}
18:49:58.376 [FXGL Background Thread 1 ] DEBUG UpdaterService       - Checking for updates
18:49:58.381 [FXGL Background Thread 4 ] DEBUG FXGLApplication      - Loading fonts
18:49:58.381 [FXGL Background Thread 4 ] DEBUG FXGLAssetLoaderServi - Loading from file system: jar:file:///C:/Users/离心/.gradle/caches/modules-2/files-2.1/com.github.almasb/fxgl/17.1/2a9509aedf54954c9b13849c18c6f495a81c542d/fxgl-17.1.jar!/fxglassets/ui/fonts/VarelaRound-Regular.ttf
18:49:58.381 [FXGL Background Thread 1 ] DEBUG FXGLApplication      - Loading default localization
18:49:58.381 [FXGL Background Thread 1 ] DEBUG FXGLAssetLoaderServi - Loading from file system: jar:file:///C:/Users/离心/.gradle/caches/modules-2/files-2.1/com.github.almasb/fxgl/17.1/2a9509aedf54954c9b13849c18c6f495a81c542d/fxgl-17.1.jar!/fxglassets/languages/english.lang
18:49:58.412 [FXGL Background Thread 1 ] INFO  FXGLApplication      - FXGL initialization took: 0.369 sec
18:49:58.413 [JavaFX Application Thread] DEBUG FXGLAssetLoaderServi - Loading from file system: jar:file:///C:/Users/离心/.gradle/caches/modules-2/files-2.1/com.github.almasb/fxgl/17.1/2a9509aedf54954c9b13849c18c6f495a81c542d/fxgl-17.1.jar!/fxglassets/textures/fxgl_icon.png
18:49:58.438 [JavaFX Application Thread] DEBUG FXGLAssetLoaderServi - Loading from file system: jar:file:///C:/Users/离心/.gradle/caches/modules-2/files-2.1/com.github.almasb/fxgl/17.1/2a9509aedf54954c9b13849c18c6f495a81c542d/fxgl-17.1.jar!/fxglassets/textures/fxgl_default_cursor.png
18:49:58.446 [FXGL Background Thread 4 ] DEBUG FXGLAssetLoaderServi - Loading from file system: jar:file:///C:/Users/离心/.gradle/caches/modules-2/files-2.1/com.github.almasb/fxgl/17.1/2a9509aedf54954c9b13849c18c6f495a81c542d/fxgl-17.1.jar!/fxglassets/ui/fonts/Abel-Regular.ttf
18:49:58.448 [FXGL Background Thread 4 ] DEBUG FXGLAssetLoaderServi - Loading from file system: jar:file:///C:/Users/离心/.gradle/caches/modules-2/files-2.1/com.github.almasb/fxgl/17.1/2a9509aedf54954c9b13849c18c6f495a81c542d/fxgl-17.1.jar!/fxglassets/ui/fonts/TerminalLandMono-Regular.otf
18:49:58.450 [FXGL Background Thread 4 ] DEBUG FXGLAssetLoaderServi - Loading from file system: jar:file:///C:/Users/离心/.gradle/caches/modules-2/files-2.1/com.github.almasb/fxgl/17.1/2a9509aedf54954c9b13849c18c6f495a81c542d/fxgl-17.1.jar!/fxglassets/ui/fonts/Courier-Prime.ttf
18:49:58.461 [JavaFX Application Thread] DEBUG Input                - Registered new binding: Screenshot - CTRL+8
18:49:58.462 [JavaFX Application Thread] DEBUG Input                - Registered new binding: System info dump - CTRL+9
18:49:58.463 [JavaFX Application Thread] DEBUG Input                - Registered new binding: Restart - CTRL+R
18:49:58.464 [JavaFX Application Thread] DEBUG Input                - Registered new binding: Toggle Debug Camera - CTRL+7
18:49:58.471 [JavaFX Application Thread] DEBUG LoopRunner           - Starting loop
18:49:58.471 [JavaFX Application Thread] DEBUG LoopRunner           - Initializing JavaFX AnimationTimerLoop
18:49:58.475 [JavaFX Application Thread] DEBUG GameApplicationServi - Starting new game
18:49:58.475 [JavaFX Application Thread] DEBUG Input                - Clearing active input actions
18:49:58.486 [JavaFX Application Thread] DEBUG GameApplicationServi - Removing overlay from FXGLStartupScene and adding to FXGLLoadingScene
18:49:58.487 [JavaFX Application Thread] DEBUG PrimaryStageWindow   - FXGLStartupScene -> FXGLLoadingScene
18:49:58.487 [JavaFX Application Thread] DEBUG GameApplicationServi - Clearing previous game
18:49:58.487 [JavaFX Application Thread] DEBUG GameScene            - Clearing game scene
18:49:58.487 [JavaFX Application Thread] DEBUG GameWorld            - Clearing game world
18:49:58.487 [JavaFX Application Thread] DEBUG PhysicsWorld         - Clearing physics world
18:49:58.490 [FXGL Background Thread 4 ] DEBUG FXGLApplication      - Initializing game
18:49:58.493 [JavaFX Application Thread] DEBUG FXGLApplication      - Registering font factories with UI factory
18:49:58.497 [FXGL Background Thread 4 ] DEBUG FXGLAssetLoaderServi - Loading from file system: jar:file:///I:/GitHub/Java-Final-Assignment/Cyberpunk-Project/build/libs/Cyberpunk-Project.jar!/assets/textures/bucket.png
18:49:58.535 [FXGL Background Thread 4 ] DEBUG FXGLAssetLoaderServi - Loading from file system: jar:file:///I:/GitHub/Java-Final-Assignment/Cyberpunk-Project/build/libs/Cyberpunk-Project.jar!/assets/music/bgm.mp3
18:49:58.725 [FXGL Background Thread 4 ] DEBUG AudioPlayer          - Playing music com.almasb.fxgl.audio.Music@a0907b0
18:49:58.726 [FXGL Background Thread 4 ] INFO  FXGLApplication      - Game initialization took: 0.236 sec
18:49:58.728 [JavaFX Application Thread] DEBUG Input                - Clearing active input actions
18:49:58.733 [JavaFX Application Thread] DEBUG GameApplicationServi - Removing overlay from FXGLLoadingScene and adding to GameScene
18:49:58.733 [JavaFX Application Thread] DEBUG PrimaryStageWindow   - FXGLLoadingScene -> GameScene
18:49:59.686 [JavaFX Application Thread] DEBUG FXGLAssetLoaderServi - Loading from file system: jar:file:///I:/GitHub/Java-Final-Assignment/Cyberpunk-Project/build/libs/Cyberpunk-Project.jar!/assets/textures/droplet.png
18:50:01.381 [FXGL Background Thread 3 ] DEBUG Engine               - Logging environment variables
18:50:01.381 [FXGL Background Thread 3 ] DEBUG Engine               - achievements: []
18:50:01.381 [FXGL Background Thread 3 ] DEBUG Engine               - actualHeight: 816.0
18:50:01.381 [FXGL Background Thread 3 ] DEBUG Engine               - actualHeightProperty: ReadOnlyDoubleProperty [value: 816.0]
18:50:01.381 [FXGL Background Thread 3 ] DEBUG Engine               - actualWidth: 434.0
18:50:01.381 [FXGL Background Thread 3 ] DEBUG Engine               - actualWidthProperty: ReadOnlyDoubleProperty [value: 434.0]
18:50:01.382 [FXGL Background Thread 3 ] DEBUG Engine               - appIcon: fxgl_icon.png
18:50:01.382 [FXGL Background Thread 3 ] DEBUG Engine               - applicationMode: DEVELOPER
18:50:01.382 [FXGL Background Thread 3 ] DEBUG Engine               - cSSList: [fxgl_dark.css]
18:50:01.382 [FXGL Background Thread 3 ] DEBUG Engine               - collisionDetectionStrategy: BRUTE_FORCE
18:50:01.382 [FXGL Background Thread 3 ] DEBUG Engine               - configClass: Optional.empty
18:50:01.382 [FXGL Background Thread 3 ] DEBUG Engine               - credits: []
18:50:01.383 [FXGL Background Thread 3 ] DEBUG Engine               - defaultCursor: CursorInfo(imageName=fxgl_default_cursor.png, hotspotX=7.0, hotspotY=6.0)
18:50:01.383 [FXGL Background Thread 3 ] DEBUG Engine               - devBBoxColorProperty: ObjectProperty [value: 0xff0000ff]
18:50:01.383 [FXGL Background Thread 3 ] DEBUG Engine               - devEnableDebugCameraProperty: BooleanProperty [value: false]
18:50:01.383 [FXGL Background Thread 3 ] DEBUG Engine               - devSensorColorProperty: ObjectProperty [value: 0xffff00ff]
18:50:01.383 [FXGL Background Thread 3 ] DEBUG Engine               - devShowBBoxProperty: BooleanProperty [value: false]
18:50:01.383 [FXGL Background Thread 3 ] DEBUG Engine               - devShowPositionProperty: BooleanProperty [value: false]
18:50:01.383 [FXGL Background Thread 3 ] DEBUG Engine               - enabledMenuItems: []
18:50:01.383 [FXGL Background Thread 3 ] DEBUG Engine               - engineServices: [class com.almasb.fxgl.app.services.FXGLAssetLoaderService, class com.almasb.fxgl.app.FXGLApplication$GameApplicationService, class com.almasb.fxgl.app.services.FXGLDialogService, class com.almasb.fxgl.app.services.IOTaskExecutorService, class com.almasb.fxgl.io.FileSystemService, class com.almasb.fxgl.localization.LocalizationService, class com.almasb.fxgl.app.services.SystemBundleService, class com.almasb.fxgl.profile.SaveLoadService, class com.almasb.fxgl.ui.FXGLUIFactoryServiceProvider, class com.almasb.fxgl.ui.FXGLDialogFactoryServiceProvider, class com.almasb.fxgl.audio.AudioPlayer, class com.almasb.fxgl.notification.impl.NotificationServiceProvider, class com.almasb.fxgl.achievement.AchievementService, class com.almasb.fxgl.cutscene.CutsceneService, class com.almasb.fxgl.minigames.MiniGameService, class com.almasb.fxgl.net.NetService, class com.almasb.fxgl.app.services.UpdaterService, class com.almasb.fxgl.dev.DevService]
18:50:01.383 [FXGL Background Thread 3 ] DEBUG Engine               - fontGame: Abel-Regular.ttf
18:50:01.383 [FXGL Background Thread 3 ] DEBUG Engine               - fontMono: TerminalLandMono-Regular.otf
18:50:01.383 [FXGL Background Thread 3 ] DEBUG Engine               - fontText: Courier-Prime.ttf
18:50:01.384 [FXGL Background Thread 3 ] DEBUG Engine               - fontUI: VarelaRound-Regular.ttf
18:50:01.384 [FXGL Background Thread 3 ] DEBUG Engine               - fullScreen: BooleanProperty [value: false]
18:50:01.384 [FXGL Background Thread 3 ] DEBUG Engine               - gameDifficulty: MEDIUM
18:50:01.384 [FXGL Background Thread 3 ] DEBUG Engine               - gameDifficultyProperty: ObjectProperty [value: MEDIUM]
18:50:01.384 [FXGL Background Thread 3 ] DEBUG Engine               - globalMusicVolume: 0.5
18:50:01.384 [FXGL Background Thread 3 ] DEBUG Engine               - globalMusicVolumeProperty: DoubleProperty [value: 0.5]
18:50:01.384 [FXGL Background Thread 3 ] DEBUG Engine               - globalSoundVolume: 0.5
18:50:01.384 [FXGL Background Thread 3 ] DEBUG Engine               - globalSoundVolumeProperty: DoubleProperty [value: 0.5]
18:50:01.384 [FXGL Background Thread 3 ] DEBUG Engine               - height: 1600
18:50:01.384 [FXGL Background Thread 3 ] DEBUG Engine               - is3D: false
18:50:01.384 [FXGL Background Thread 3 ] DEBUG Engine               - isAndroid: false
18:50:01.384 [FXGL Background Thread 3 ] DEBUG Engine               - isBrowser: false
18:50:01.384 [FXGL Background Thread 3 ] DEBUG Engine               - isClickFeedbackEnabled: false
18:50:01.384 [FXGL Background Thread 3 ] DEBUG Engine               - isCloseConfirmation: false
18:50:01.384 [FXGL Background Thread 3 ] DEBUG Engine               - isDesktop: true
18:50:01.384 [FXGL Background Thread 3 ] DEBUG Engine               - isDeveloperMenuEnabled: false
18:50:01.384 [FXGL Background Thread 3 ] DEBUG Engine               - isEmbedded: false
18:50:01.384 [FXGL Background Thread 3 ] DEBUG Engine               - isEntityPreloadEnabled: true
18:50:01.384 [FXGL Background Thread 3 ] DEBUG Engine               - isExperimentalTiledLargeMap: false
18:50:01.384 [FXGL Background Thread 3 ] DEBUG Engine               - isFileSystemWriteAllowed: true
18:50:01.384 [FXGL Background Thread 3 ] DEBUG Engine               - isFullScreenAllowed: false
18:50:01.384 [FXGL Background Thread 3 ] DEBUG Engine               - isFullScreenFromStart: false
18:50:01.384 [FXGL Background Thread 3 ] DEBUG Engine               - isGameMenuEnabled: true
18:50:01.384 [FXGL Background Thread 3 ] DEBUG Engine               - isIOS: false
18:50:01.384 [FXGL Background Thread 3 ] DEBUG Engine               - isIntroEnabled: false
18:50:01.384 [FXGL Background Thread 3 ] DEBUG Engine               - isLinux: false
18:50:01.385 [FXGL Background Thread 3 ] DEBUG Engine               - isMac: false
18:50:01.385 [FXGL Background Thread 3 ] DEBUG Engine               - isMainMenuEnabled: false
18:50:01.385 [FXGL Background Thread 3 ] DEBUG Engine               - isManualResizeEnabled: false
18:50:01.385 [FXGL Background Thread 3 ] DEBUG Engine               - isMobile: false
18:50:01.385 [FXGL Background Thread 3 ] DEBUG Engine               - isNative: false
18:50:01.385 [FXGL Background Thread 3 ] DEBUG Engine               - isPauseMusicWhenMinimized: true
18:50:01.385 [FXGL Background Thread 3 ] DEBUG Engine               - isPreserveResizeRatio: false
18:50:01.385 [FXGL Background Thread 3 ] DEBUG Engine               - isProfilingEnabled: false
18:50:01.385 [FXGL Background Thread 3 ] DEBUG Engine               - isScaleAffectedOnResize: true
18:50:01.385 [FXGL Background Thread 3 ] DEBUG Engine               - isSingleStep: false
18:50:01.385 [FXGL Background Thread 3 ] DEBUG Engine               - isUserProfileEnabled: false
18:50:01.385 [FXGL Background Thread 3 ] DEBUG Engine               - isWindows: true
18:50:01.385 [FXGL Background Thread 3 ] DEBUG Engine               - language: ObjectProperty [value: ENGLISH]
18:50:01.385 [FXGL Background Thread 3 ] DEBUG Engine               - menuKey: ESCAPE
18:50:01.385 [FXGL Background Thread 3 ] DEBUG Engine               - mouseSensitivity: 0.2
18:50:01.385 [FXGL Background Thread 3 ] DEBUG Engine               - notificationViewClass: class com.almasb.fxgl.notification.view.XboxNotificationView
18:50:01.385 [FXGL Background Thread 3 ] DEBUG Engine               - pixelsPerMeter: 50.0
18:50:01.385 [FXGL Background Thread 3 ] DEBUG Engine               - platform: WINDOWS
18:50:01.385 [FXGL Background Thread 3 ] DEBUG Engine               - prefHeightProperty: ReadOnlyDoubleProperty [value: 1600.0]
18:50:01.385 [FXGL Background Thread 3 ] DEBUG Engine               - prefWidthProperty: ReadOnlyDoubleProperty [value: 900.0]
18:50:01.385 [FXGL Background Thread 3 ] DEBUG Engine               - profileDir: profiles/
18:50:01.385 [FXGL Background Thread 3 ] DEBUG Engine               - profileName: StringProperty [value: DEFAULT]
18:50:01.385 [FXGL Background Thread 3 ] DEBUG Engine               - randomSeed: -1
18:50:01.386 [FXGL Background Thread 3 ] DEBUG Engine               - runtimeInfo: RuntimeInfo(platform=WINDOWS, version=17.1, build=24.03.2022 17.34)
18:50:01.386 [FXGL Background Thread 3 ] DEBUG Engine               - saveFileExt: sav
18:50:01.386 [FXGL Background Thread 3 ] DEBUG Engine               - scaledHeightProp$fxgl: DoubleProperty [bound, value: 816.0]
18:50:01.386 [FXGL Background Thread 3 ] DEBUG Engine               - scaledWidthProp$fxgl: DoubleProperty [bound, value: 434.0]
18:50:01.386 [FXGL Background Thread 3 ] DEBUG Engine               - sceneFactory: com.almasb.fxgl.app.scene.SceneFactory@5c3b455b
18:50:01.386 [FXGL Background Thread 3 ] DEBUG Engine               - secondsIn24h: 60
18:50:01.386 [FXGL Background Thread 3 ] DEBUG Engine               - soundMenuBack: menu/back.wav
18:50:01.386 [FXGL Background Thread 3 ] DEBUG Engine               - soundMenuPress: menu/press.wav
18:50:01.386 [FXGL Background Thread 3 ] DEBUG Engine               - soundMenuSelect: menu/select.wav
18:50:01.386 [FXGL Background Thread 3 ] DEBUG Engine               - soundNotification: core/notification.wav
18:50:01.386 [FXGL Background Thread 3 ] DEBUG Engine               - stageStyle: DECORATED
18:50:01.386 [FXGL Background Thread 3 ] DEBUG Engine               - supportedLanguages: [ENGLISH, FRENCH, GERMAN, HUNGARIAN, RUSSIAN]
18:50:01.386 [FXGL Background Thread 3 ] DEBUG Engine               - ticksPerSecond: -1
18:50:01.386 [FXGL Background Thread 3 ] DEBUG Engine               - title: CyberPunk2050
18:50:01.386 [FXGL Background Thread 3 ] DEBUG Engine               - urlGithub: https://github.com/AlmasB/FXGL
18:50:01.386 [FXGL Background Thread 3 ] DEBUG Engine               - urlLeaderboard: http://fxgl-top.herokuapp.com/
18:50:01.386 [FXGL Background Thread 3 ] DEBUG Engine               - urlPOM: https://raw.githubusercontent.com/AlmasB/FXGL/release/README.md
18:50:01.387 [FXGL Background Thread 3 ] DEBUG Engine               - userAppClass: class com.rucjava.cyberpunk.CyberpunkApp
18:50:01.387 [FXGL Background Thread 3 ] DEBUG Engine               - version: 2.1
18:50:01.387 [FXGL Background Thread 3 ] DEBUG Engine               - versionCheckDays: 7
18:50:01.387 [FXGL Background Thread 3 ] DEBUG Engine               - width: 900
18:50:01.387 [FXGL Background Thread 3 ] DEBUG Engine               - Logging services
18:50:01.387 [FXGL Background Thread 3 ] DEBUG Engine               - class com.almasb.fxgl.app.services.FXGLAssetLoaderService
18:50:01.387 [FXGL Background Thread 3 ] DEBUG Engine               - class com.almasb.fxgl.app.FXGLApplication$GameApplicationService
18:50:01.387 [FXGL Background Thread 3 ] DEBUG Engine               - class com.almasb.fxgl.app.services.FXGLDialogService
18:50:01.387 [FXGL Background Thread 3 ] DEBUG Engine               - class com.almasb.fxgl.app.services.IOTaskExecutorService
18:50:01.387 [FXGL Background Thread 3 ] DEBUG Engine               - class com.almasb.fxgl.io.FileSystemService
18:50:01.387 [FXGL Background Thread 3 ] DEBUG Engine               - class com.almasb.fxgl.localization.LocalizationService
18:50:01.387 [FXGL Background Thread 3 ] DEBUG Engine               - class com.almasb.fxgl.app.services.SystemBundleService
18:50:01.387 [FXGL Background Thread 3 ] DEBUG Engine               - class com.almasb.fxgl.profile.SaveLoadService
18:50:01.387 [FXGL Background Thread 3 ] DEBUG Engine               - class com.almasb.fxgl.ui.FXGLUIFactoryServiceProvider
18:50:01.387 [FXGL Background Thread 3 ] DEBUG Engine               - class com.almasb.fxgl.ui.FXGLDialogFactoryServiceProvider
18:50:01.387 [FXGL Background Thread 3 ] DEBUG Engine               - class com.almasb.fxgl.audio.AudioPlayer
18:50:01.387 [FXGL Background Thread 3 ] DEBUG Engine               - class com.almasb.fxgl.notification.impl.NotificationServiceProvider
18:50:01.387 [FXGL Background Thread 3 ] DEBUG Engine               - class com.almasb.fxgl.achievement.AchievementService
18:50:01.387 [FXGL Background Thread 3 ] DEBUG Engine               - class com.almasb.fxgl.cutscene.CutsceneService
18:50:01.387 [FXGL Background Thread 3 ] DEBUG Engine               - class com.almasb.fxgl.minigames.MiniGameService
18:50:01.387 [FXGL Background Thread 3 ] DEBUG Engine               - class com.almasb.fxgl.net.NetService
18:50:01.387 [FXGL Background Thread 3 ] DEBUG Engine               - class com.almasb.fxgl.app.services.UpdaterService
18:50:01.387 [FXGL Background Thread 3 ] DEBUG Engine               - class com.almasb.fxgl.dev.DevService
18:50:06.371 [JavaFX Application Thread] DEBUG FXGLAssetLoaderServi - Loading from file system: jar:file:///I:/GitHub/Java-Final-Assignment/Cyberpunk-Project/build/libs/Cyberpunk-Project.jar!/assets/sounds/drop.wav
18:50:11.247 [JavaFX Application Thread] DEBUG FXGLApplication      - Exiting FXGL
18:50:11.247 [JavaFX Application Thread] DEBUG LoopRunner           - Stopping loop
18:50:11.247 [JavaFX Application Thread] DEBUG SystemBundleService  - Saving FXGL system data
18:50:11.248 [JavaFX Application Thread] DEBUG FileSystemAccess     - Writing to: I:\GitHub\Java-Final-Assignment\system\fxgl.bundle
18:50:11.249 [JavaFX Application Thread] DEBUG Async                - Shutting down background threads
18:50:11.250 [JavaFX Application Thread] DEBUG PrimaryStageWindow   - Closing main window
18:50:11.260 [JavaFX Application Thread] DEBUG Logger               - Closing Logger
